<?xml version="1.0" encoding="utf-8"?><testsuites name="pytest tests"><testsuite name="pytest" errors="3" failures="0" skipped="0" tests="3" time="0.528" timestamp="2026-02-10T16:17:35.026624+00:00" hostname="99ff9bd3358b"><testcase classname="" name="tests.framework_frontend.test.test_image_upload" time="0.000"><error message="collection failure">ImportError while importing test module '/app/tests/framework_frontend/test/test_image_upload.py'.
Hint: make sure your test modules/packages have valid Python names.
Traceback:
/usr/local/lib/python3.12/importlib/__init__.py:90: in import_module
    return _bootstrap._gcd_import(name[level:], package, level)
           ^^^^^^^^^^^^^^^^^^^^^^^^^^^^^^^^^^^^^^^^^^^^^^^^^^^^
tests/framework_frontend/test/test_image_upload.py:6: in &lt;module&gt;
    from pages.upload_image_page import UploadImagePage
tests/framework_frontend/pages/upload_image_page.py:1: in &lt;module&gt;
    from utils.pyautogui import PyAutoGUIUtilities
tests/framework_frontend/utils/pyautogui.py:5: in &lt;module&gt;
    import pyautogui
E   ModuleNotFoundError: No module named 'pyautogui'</error></testcase><testcase classname="" name="tests.framework_frontend.test.test_image_upload_dialog_window" time="0.000"><error message="collection failure">ImportError while importing test module '/app/tests/framework_frontend/test/test_image_upload_dialog_window.py'.
Hint: make sure your test modules/packages have valid Python names.
Traceback:
/usr/local/lib/python3.12/importlib/__init__.py:90: in import_module
    return _bootstrap._gcd_import(name[level:], package, level)
           ^^^^^^^^^^^^^^^^^^^^^^^^^^^^^^^^^^^^^^^^^^^^^^^^^^^^
tests/framework_frontend/test/test_image_upload_dialog_window.py:8: in &lt;module&gt;
    from pages.upload_image_page import UploadImagePage
tests/framework_frontend/pages/upload_image_page.py:1: in &lt;module&gt;
    from utils.pyautogui import PyAutoGUIUtilities
tests/framework_frontend/utils/pyautogui.py:5: in &lt;module&gt;
    import pyautogui
E   ModuleNotFoundError: No module named 'pyautogui'</error></testcase><testcase classname="" name="tests.framework_frontend.test.test_image_upload_drag_and_drop" time="0.000"><error message="collection failure">ImportError while importing test module '/app/tests/framework_frontend/test/test_image_upload_drag_and_drop.py'.
Hint: make sure your test modules/packages have valid Python names.
Traceback:
/usr/local/lib/python3.12/importlib/__init__.py:90: in import_module
    return _bootstrap._gcd_import(name[level:], package, level)
           ^^^^^^^^^^^^^^^^^^^^^^^^^^^^^^^^^^^^^^^^^^^^^^^^^^^^
tests/framework_frontend/test/test_image_upload_drag_and_drop.py:8: in &lt;module&gt;
    from pages.upload_image_page import UploadImagePage
tests/framework_frontend/pages/upload_image_page.py:1: in &lt;module&gt;
    from utils.pyautogui import PyAutoGUIUtilities
tests/framework_frontend/utils/pyautogui.py:5: in &lt;module&gt;
    import pyautogui
E   ModuleNotFoundError: No module named 'pyautogui'</error></testcase></testsuite></testsuites>